<?xml version="1.0" encoding="UTF-8"?>
<testng-results skipped="0" failed="0" ignored="0" total="4" passed="4">
  <reporter-output>
  </reporter-output>
  <suite name="Suite" duration-ms="116" started-at="2019-03-03T07:12:22Z" finished-at="2019-03-03T07:12:22Z">
    <groups>
    </groups>
    <test name="Test" duration-ms="116" started-at="2019-03-03T07:12:22Z" finished-at="2019-03-03T07:12:22Z">
      <class name="BasicAnnotation.Module2">
        <test-method status="PASS" signature="beforeSuite()[pri:0, instance:BasicAnnotation.Module2@7f9a81e8]" name="beforeSuite" is-config="true" duration-ms="30" started-at="2019-03-03T07:12:22Z" finished-at="2019-03-03T07:12:22Z">
          <reporter-output>
          </reporter-output>
        </test-method> <!-- beforeSuite -->
        <test-method status="PASS" signature="beforeModule()[pri:0, instance:BasicAnnotation.Module2@7f9a81e8]" name="beforeModule" is-config="true" duration-ms="1" started-at="2019-03-03T07:12:22Z" finished-at="2019-03-03T07:12:22Z">
          <reporter-output>
          </reporter-output>
        </test-method> <!-- beforeModule -->
        <test-method status="PASS" signature="beforeTestScript()[pri:0, instance:BasicAnnotation.Module2@7f9a81e8]" name="beforeTestScript" is-config="true" duration-ms="1" started-at="2019-03-03T07:12:22Z" finished-at="2019-03-03T07:12:22Z">
          <reporter-output>
          </reporter-output>
        </test-method> <!-- beforeTestScript -->
        <test-method status="PASS" signature="test1()[pri:0, instance:BasicAnnotation.Module2@7f9a81e8]" name="test1" duration-ms="16" started-at="2019-03-03T07:12:22Z" finished-at="2019-03-03T07:12:22Z">
          <reporter-output>
          </reporter-output>
        </test-method> <!-- test1 -->
        <test-method status="PASS" signature="afterTestScript()[pri:0, instance:BasicAnnotation.Module2@7f9a81e8]" name="afterTestScript" is-config="true" duration-ms="4" started-at="2019-03-03T07:12:22Z" finished-at="2019-03-03T07:12:22Z">
          <reporter-output>
          </reporter-output>
        </test-method> <!-- afterTestScript -->
        <test-method status="PASS" signature="test2()[pri:0, instance:BasicAnnotation.Module2@7f9a81e8]" name="test2" duration-ms="6" started-at="2019-03-03T07:12:22Z" finished-at="2019-03-03T07:12:22Z">
          <reporter-output>
          </reporter-output>
        </test-method> <!-- test2 -->
        <test-method status="PASS" signature="beforeTestScript()[pri:0, instance:BasicAnnotation.Module2@7f9a81e8]" name="beforeTestScript" is-config="true" duration-ms="0" started-at="2019-03-03T07:12:22Z" finished-at="2019-03-03T07:12:22Z">
          <reporter-output>
          </reporter-output>
        </test-method> <!-- beforeTestScript -->
        <test-method status="PASS" signature="afterTestScript()[pri:0, instance:BasicAnnotation.Module2@7f9a81e8]" name="afterTestScript" is-config="true" duration-ms="1" started-at="2019-03-03T07:12:22Z" finished-at="2019-03-03T07:12:22Z">
          <reporter-output>
          </reporter-output>
        </test-method> <!-- afterTestScript -->
        <test-method status="PASS" signature="AfterModule()[pri:0, instance:BasicAnnotation.Module2@7f9a81e8]" name="AfterModule" is-config="true" duration-ms="2" started-at="2019-03-03T07:12:22Z" finished-at="2019-03-03T07:12:22Z">
          <reporter-output>
          </reporter-output>
        </test-method> <!-- AfterModule -->
        <test-method status="PASS" signature="afterSuite()[pri:0, instance:BasicAnnotation.Module2@7f9a81e8]" name="afterSuite" is-config="true" duration-ms="1" started-at="2019-03-03T07:12:22Z" finished-at="2019-03-03T07:12:22Z">
          <reporter-output>
          </reporter-output>
        </test-method> <!-- afterSuite -->
      </class> <!-- BasicAnnotation.Module2 -->
      <class name="BasicAnnotation.Module1">
        <test-method status="PASS" signature="beforeModule()[pri:0, instance:BasicAnnotation.Module1@9629756]" name="beforeModule" is-config="true" duration-ms="1" started-at="2019-03-03T07:12:22Z" finished-at="2019-03-03T07:12:22Z">
          <reporter-output>
          </reporter-output>
        </test-method> <!-- beforeModule -->
        <test-method status="PASS" signature="beforeTestScript()[pri:0, instance:BasicAnnotation.Module1@9629756]" name="beforeTestScript" is-config="true" duration-ms="1" started-at="2019-03-03T07:12:22Z" finished-at="2019-03-03T07:12:22Z">
          <reporter-output>
          </reporter-output>
        </test-method> <!-- beforeTestScript -->
        <test-method status="PASS" signature="test1()[pri:0, instance:BasicAnnotation.Module1@9629756]" name="test1" duration-ms="3" started-at="2019-03-03T07:12:22Z" finished-at="2019-03-03T07:12:22Z">
          <reporter-output>
          </reporter-output>
        </test-method> <!-- test1 -->
        <test-method status="PASS" signature="afterTestScript()[pri:0, instance:BasicAnnotation.Module1@9629756]" name="afterTestScript" is-config="true" duration-ms="1" started-at="2019-03-03T07:12:22Z" finished-at="2019-03-03T07:12:22Z">
          <reporter-output>
          </reporter-output>
        </test-method> <!-- afterTestScript -->
        <test-method status="PASS" signature="beforeTestScript()[pri:0, instance:BasicAnnotation.Module1@9629756]" name="beforeTestScript" is-config="true" duration-ms="1" started-at="2019-03-03T07:12:22Z" finished-at="2019-03-03T07:12:22Z">
          <reporter-output>
          </reporter-output>
        </test-method> <!-- beforeTestScript -->
        <test-method status="PASS" signature="test2()[pri:0, instance:BasicAnnotation.Module1@9629756]" name="test2" duration-ms="3" started-at="2019-03-03T07:12:22Z" finished-at="2019-03-03T07:12:22Z">
          <reporter-output>
          </reporter-output>
        </test-method> <!-- test2 -->
        <test-method status="PASS" signature="afterTestScript()[pri:0, instance:BasicAnnotation.Module1@9629756]" name="afterTestScript" is-config="true" duration-ms="1" started-at="2019-03-03T07:12:22Z" finished-at="2019-03-03T07:12:22Z">
          <reporter-output>
          </reporter-output>
        </test-method> <!-- afterTestScript -->
        <test-method status="PASS" signature="AfterModule()[pri:0, instance:BasicAnnotation.Module1@9629756]" name="AfterModule" is-config="true" duration-ms="0" started-at="2019-03-03T07:12:22Z" finished-at="2019-03-03T07:12:22Z">
          <reporter-output>
          </reporter-output>
        </test-method> <!-- AfterModule -->
      </class> <!-- BasicAnnotation.Module1 -->
    </test> <!-- Test -->
  </suite> <!-- Suite -->
</testng-results>
