<?xml version="1.0" encoding="UTF-8"?>
<!-- Generated by org.testng.reporters.JUnitXMLReporter -->
<testsuite hostname="hp-HP" ignored="0" name="Default test" tests="4" failures="0" timestamp="03 Mar 2019 07:10:30 GMT" time="0.108" errors="0">
  <testcase name="test1" time="0.015" classname="BasicAnnotation.Module2"/>
  <testcase name="test2" time="0.005" classname="BasicAnnotation.Module2"/>
  <testcase name="test1" time="0.004" classname="BasicAnnotation.Module1"/>
  <testcase name="test2" time="0.004" classname="BasicAnnotation.Module1"/>
</testsuite> <!-- Default test -->
