<?xml version="1.0" encoding="UTF-8"?>
<!-- Generated by org.testng.reporters.JUnitXMLReporter -->
<testsuite hostname="hp-HP" ignored="0" name="Test" tests="4" failures="0" timestamp="03 Mar 2019 07:12:22 GMT" time="0.116" errors="0">
  <testcase name="test1" time="0.016" classname="BasicAnnotation.Module2"/>
  <testcase name="test2" time="0.006" classname="BasicAnnotation.Module2"/>
  <testcase name="test1" time="0.003" classname="BasicAnnotation.Module1"/>
  <testcase name="test2" time="0.003" classname="BasicAnnotation.Module1"/>
</testsuite> <!-- Test -->
